java.io.IOException: Cannot run program "C:\Program Files\Java\jdk-17\bin\java.exe" (in directory "C:\Users\User\Desktop\pasimadu\Scala"): CreateProcess error=2, The system cannot find the file specified
  java.base/java.lang.ProcessBuilder.start(ProcessBuilder.java:1143)
  java.base/java.lang.ProcessBuilder.start(ProcessBuilder.java:1073)
  os.proc.proc$lzyINIT1$1(ProcessOps.scala:234)
  os.proc.proc$1(ProcessOps.scala:238)
  os.proc.spawn(ProcessOps.scala:240)
  os.proc.call(ProcessOps.scala:159)
  scala.build.internal.OsLibc$.javaVersion(OsLibc.scala:78)
  scala.build.internal.OsLibc$.javaHomeVersion(OsLibc.scala:93)
  scala.cli.commands.shared.SharedOptions.$anonfun$36$$anonfun$1(SharedOptions.scala:578)
  scala.Option.map(Option.scala:242)
  scala.cli.commands.shared.SharedOptions.$anonfun$36(SharedOptions.scala:577)
  scala.Option.orElse(Option.scala:477)
  scala.cli.commands.shared.SharedOptions.bloopRifleConfig$$anonfun$1(SharedOptions.scala:583)
  scala.build.EitherCps$Helper.apply(EitherCps.scala:19)
  scala.cli.commands.shared.SharedOptions.bloopRifleConfig(SharedOptions.scala:568)
  scala.cli.commands.bsp.Bsp$.runCommand(Bsp.scala:147)
  scala.cli.commands.bsp.Bsp$.runCommand(Bsp.scala:76)
  scala.cli.commands.ScalaCommand.run(ScalaCommand.scala:390)
  scala.cli.commands.ScalaCommand.run(ScalaCommand.scala:371)
  caseapp.core.app.CaseApp.main(CaseApp.scala:166)
  scala.cli.commands.ScalaCommand.main(ScalaCommand.scala:356)
  caseapp.core.app.CommandsEntryPoint.main(CommandsEntryPoint.scala:370)
  scala.cli.ScalaCliCommands.main(ScalaCliCommands.scala:125)
  scala.cli.ScalaCli$.main0(ScalaCli.scala:320)
  scala.cli.ScalaCli$.main(ScalaCli.scala:124)
  scala.cli.ScalaCli.main(ScalaCli.scala)
java.io.IOException: CreateProcess error=2, The system cannot find the file specified
  java.base/java.lang.ProcessImpl.create(Native Method)
  java.base/java.lang.ProcessImpl.<init>(ProcessImpl.java:499)
  java.base/java.lang.ProcessImpl.start(ProcessImpl.java:158)
  java.base/java.lang.ProcessBuilder.start(ProcessBuilder.java:1110)
  java.base/java.lang.ProcessBuilder.start(ProcessBuilder.java:1073)
  os.proc.proc$lzyINIT1$1(ProcessOps.scala:234)
  os.proc.proc$1(ProcessOps.scala:238)
  os.proc.spawn(ProcessOps.scala:240)
  os.proc.call(ProcessOps.scala:159)
  scala.build.internal.OsLibc$.javaVersion(OsLibc.scala:78)
  scala.build.internal.OsLibc$.javaHomeVersion(OsLibc.scala:93)
  scala.cli.commands.shared.SharedOptions.$anonfun$36$$anonfun$1(SharedOptions.scala:578)
  scala.Option.map(Option.scala:242)
  scala.cli.commands.shared.SharedOptions.$anonfun$36(SharedOptions.scala:577)
  scala.Option.orElse(Option.scala:477)
  scala.cli.commands.shared.SharedOptions.bloopRifleConfig$$anonfun$1(SharedOptions.scala:583)
  scala.build.EitherCps$Helper.apply(EitherCps.scala:19)
  scala.cli.commands.shared.SharedOptions.bloopRifleConfig(SharedOptions.scala:568)
  scala.cli.commands.bsp.Bsp$.runCommand(Bsp.scala:147)
  scala.cli.commands.bsp.Bsp$.runCommand(Bsp.scala:76)
  scala.cli.commands.ScalaCommand.run(ScalaCommand.scala:390)
  scala.cli.commands.ScalaCommand.run(ScalaCommand.scala:371)
  caseapp.core.app.CaseApp.main(CaseApp.scala:166)
  scala.cli.commands.ScalaCommand.main(ScalaCommand.scala:356)
  caseapp.core.app.CommandsEntryPoint.main(CommandsEntryPoint.scala:370)
  scala.cli.ScalaCliCommands.main(ScalaCliCommands.scala:125)
  scala.cli.ScalaCli$.main0(ScalaCli.scala:320)
  scala.cli.ScalaCli$.main(ScalaCli.scala:124)
  scala.cli.ScalaCli.main(ScalaCli.scala)
